Ganache CLI v6.1.8 (ganache-core: 2.2.1)

Available Accounts
==================
(0) 0x5ab3f8feac3333ee2dc47309e231210d45ee569e (~100 ETH)
(1) 0xbb0738c1f1c72f14471d6feb182fa83480df26f4 (~100 ETH)
(2) 0x202042ea9915fd30adcad6e3c22f4599a54a9037 (~100 ETH)
(3) 0x157ec1ea80ca2147dc3b549a5c5602be7cd61508 (~100 ETH)
(4) 0x554def03275ad5ae1b4d3193049b0d644df72a91 (~100 ETH)
(5) 0x7f84eddcb80b51a407d8042d604d42fd653fef97 (~100 ETH)
(6) 0x1a79cf9e9e72b29a693f215c40ffe927c9747942 (~100 ETH)
(7) 0x5c368a136f561f6469627dfa2fc5904432a7dbf0 (~100 ETH)
(8) 0x7d32f756ac0336774a5a1477f56f594b3f7b7146 (~100 ETH)
(9) 0x4fe1896004491cb10574b94fe6f835b72469098b (~100 ETH)

Private Keys
==================
(0) 0xb4c3f4fb0f5d2e8855e82c8ebe3c8bbe4ee81105affcb86cbf5adb224c501112
(1) 0xefe21591046ece75a7d2a4c103da6eb22957b1020ef714c76e47f11edfe7d9f3
(2) 0x25e1d16c167f29e9134c4749a1779f156e02464af4fc6b821339d320ba319980
(3) 0x017d5ee1f8c71118825a7c33c47451ef2e5e68fd63138224c80a73ebf487bf1f
(4) 0x89d307b7c90812bdb6fa558ff624e573b44e5bb72ddccc4d0be09378709563c3
(5) 0xfe174d76b300b755d7b3c5d8c31a9001605b65fb09c7e36904f71f67def706a8
(6) 0x0ee5b944b9f7af1f4c8c91cabfd759453baf9f8c30794cbf2cfce44fb15b3892
(7) 0xc1de6bb4a31afefc7c6c0ac4bbfa540338c9aa2b0484ccbe55144665d044f0c4
(8) 0x0d2b0b9ea5b561a385baa204804a97878c1eedcf5556216d1701bed84176fd5a
(9) 0xf6f78bdb29803645898158c0dbe2b44fd76a4edde0f139c3151352ac0d72840c

HD Wallet
==================
Mnemonic:      unit expand rich express record obey stage hood follow drop fiscal cave
Base HD Path:  m/44'/60'/0'/0/{account_index}

Gas Price
==================
20000000000

Gas Limit
==================
6721975

Listening on 127.0.0.1:8545
eth_newBlockFilter
eth_getFilterChanges
eth_getFilterChanges
eth_getFilterChanges
eth_getFilterChanges
eth_getFilterChanges
eth_getFilterChanges
eth_getFilterChanges
eth_getFilterChanges
eth_getFilterChanges
eth_getFilterChanges
eth_getFilterChanges
eth_getFilterChanges
eth_getFilterChanges
eth_getFilterChanges
eth_getFilterChanges
eth_getFilterChanges
eth_getFilterChanges
eth_getFilterChanges
eth_getFilterChanges
eth_getFilterChanges
eth_getFilterChanges
eth_getFilterChanges
eth_getFilterChanges
eth_getFilterChanges
eth_getFilterChanges
eth_getFilterChanges
eth_getFilterChanges
eth_getFilterChanges
eth_getFilterChanges
eth_getFilterChanges
eth_getFilterChanges
eth_getFilterChanges
eth_getFilterChanges
eth_getFilterChanges
eth_getFilterChanges
eth_getFilterChanges
eth_getFilterChanges
eth_getFilterChanges
eth_getFilterChanges
eth_getFilterChanges
eth_getFilterChanges
eth_getFilterChanges
eth_getFilterChanges
eth_getFilterChanges
eth_getFilterChanges
eth_getFilterChanges
eth_getFilterChanges
eth_getFilterChanges
eth_getFilterChanges
eth_getFilterChanges
eth_getFilterChanges
eth_getFilterChanges
eth_getFilterChanges
eth_getFilterChanges
eth_getFilterChanges
eth_getFilterChanges
eth_getFilterChanges
eth_getFilterChanges
eth_getFilterChanges
eth_getFilterChanges
eth_getFilterChanges
eth_getFilterChanges
eth_getFilterChanges
eth_getFilterChanges
eth_getFilterChanges
eth_getFilterChanges
eth_getFilterChanges
eth_getFilterChanges
eth_getFilterChanges
eth_getFilterChanges
eth_getFilterChanges
eth_getFilterChanges
eth_getFilterChanges
eth_getFilterChanges
eth_getFilterChanges
eth_getFilterChanges
eth_getFilterChanges
eth_getFilterChanges
eth_getFilterChanges
eth_getFilterChanges
eth_getFilterChanges
eth_getFilterChanges
eth_getFilterChanges
eth_getFilterChanges
eth_getFilterChanges
eth_getFilterChanges
eth_getFilterChanges
eth_getFilterChanges
eth_getFilterChanges
eth_getFilterChanges
eth_getFilterChanges
eth_getFilterChanges
eth_getFilterChanges
eth_getFilterChanges
eth_getFilterChanges
eth_getFilterChanges
eth_getFilterChanges
eth_getFilterChanges
eth_getFilterChanges
eth_getFilterChanges
eth_getFilterChanges
eth_getFilterChanges
eth_getFilterChanges
eth_getFilterChanges
eth_getFilterChanges
eth_getFilterChanges
eth_getFilterChanges
eth_getFilterChanges
eth_getFilterChanges
eth_getFilterChanges
eth_getFilterChanges
eth_getFilterChanges
eth_getFilterChanges
eth_getFilterChanges
eth_getFilterChanges
eth_getFilterChanges
eth_getFilterChanges
eth_getFilterChanges
eth_getFilterChanges
eth_getFilterChanges
eth_getFilterChanges
eth_getFilterChanges
eth_getFilterChanges
eth_getFilterChanges
eth_getFilterChanges
eth_getFilterChanges
eth_getFilterChanges
eth_getFilterChanges
eth_getFilterChanges
eth_getFilterChanges
eth_getFilterChanges
eth_getFilterChanges
eth_getFilterChanges
eth_getFilterChanges
eth_getFilterChanges
eth_getFilterChanges
eth_getFilterChanges
eth_getFilterChanges
eth_getFilterChanges
eth_getFilterChanges
eth_getFilterChanges
eth_getFilterChanges
eth_getFilterChanges
eth_getFilterChanges
eth_getFilterChanges
eth_getFilterChanges
eth_getFilterChanges
eth_getFilterChanges
eth_getFilterChanges
eth_getFilterChanges
eth_getFilterChanges
eth_getFilterChanges
eth_getFilterChanges
eth_getFilterChanges
eth_getFilterChanges
eth_getFilterChanges
eth_getFilterChanges
eth_getFilterChanges
eth_getFilterChanges
eth_getFilterChanges
eth_getFilterChanges
eth_getFilterChanges
eth_getFilterChanges
eth_getFilterChanges
eth_getFilterChanges
eth_getFilterChanges
eth_getFilterChanges
eth_getFilterChanges
eth_getFilterChanges
eth_getFilterChanges
eth_getFilterChanges
eth_getFilterChanges
eth_getFilterChanges
eth_getFilterChanges
eth_getFilterChanges
eth_getFilterChanges
eth_getFilterChanges
eth_getFilterChanges
eth_getFilterChanges
eth_getFilterChanges
eth_getFilterChanges
eth_getFilterChanges
eth_getFilterChanges
eth_getFilterChanges
eth_getFilterChanges
eth_getFilterChanges
eth_getFilterChanges
eth_getFilterChanges
eth_getFilterChanges
eth_getFilterChanges
eth_getFilterChanges
eth_getFilterChanges
eth_getFilterChanges
eth_getFilterChanges
eth_getFilterChanges
eth_getFilterChanges
eth_getFilterChanges
eth_getFilterChanges
eth_getFilterChanges
eth_getFilterChanges
eth_getFilterChanges
eth_getFilterChanges
eth_getFilterChanges
eth_getFilterChanges
eth_getFilterChanges
eth_getFilterChanges
eth_getFilterChanges
eth_getFilterChanges
eth_getFilterChanges
eth_getFilterChanges
eth_getFilterChanges
eth_getFilterChanges
eth_getFilterChanges
eth_getFilterChanges
eth_getFilterChanges
eth_getFilterChanges
eth_getFilterChanges
eth_getFilterChanges
eth_getFilterChanges
eth_getFilterChanges
eth_getFilterChanges
eth_getFilterChanges
eth_getFilterChanges
eth_getFilterChanges
eth_getFilterChanges
eth_getFilterChanges
eth_getFilterChanges
eth_getFilterChanges
eth_getFilterChanges
eth_getFilterChanges
eth_getFilterChanges
eth_getFilterChanges
eth_getFilterChanges
eth_getFilterChanges
eth_getFilterChanges
eth_getFilterChanges
eth_getFilterChanges
eth_getFilterChanges
eth_getFilterChanges
eth_getFilterChanges
eth_getFilterChanges
eth_getFilterChanges
eth_getFilterChanges
eth_getFilterChanges
eth_getFilterChanges
eth_getFilterChanges
eth_getFilterChanges
eth_getFilterChanges
eth_getFilterChanges
eth_getFilterChanges
eth_getFilterChanges
eth_getFilterChanges
eth_getFilterChanges
eth_getFilterChanges
eth_getFilterChanges
eth_getFilterChanges
eth_getFilterChanges
eth_getFilterChanges
eth_getFilterChanges
eth_getFilterChanges
eth_getFilterChanges
eth_getFilterChanges
eth_getFilterChanges
eth_getFilterChanges
eth_getFilterChanges
eth_getFilterChanges
eth_getFilterChanges
eth_getFilterChanges
eth_getFilterChanges
eth_getFilterChanges
eth_getFilterChanges
eth_getFilterChanges
eth_getFilterChanges
eth_getFilterChanges
eth_getFilterChanges
eth_getFilterChanges
eth_getFilterChanges
eth_getFilterChanges
eth_getFilterChanges
eth_getFilterChanges
eth_getFilterChanges
eth_getFilterChanges
eth_getFilterChanges
eth_getFilterChanges
eth_getFilterChanges
eth_getFilterChanges
eth_getFilterChanges
eth_getFilterChanges
eth_getFilterChanges
eth_getFilterChanges
eth_getFilterChanges
eth_getFilterChanges
eth_getFilterChanges
eth_getFilterChanges
eth_getFilterChanges
eth_getFilterChanges
eth_getFilterChanges
eth_getFilterChanges
eth_getFilterChanges
eth_getFilterChanges
eth_getFilterChanges
eth_getFilterChanges
eth_getFilterChanges
eth_getFilterChanges
eth_getFilterChanges
eth_getFilterChanges
eth_getFilterChanges
eth_getFilterChanges
eth_getFilterChanges
eth_getFilterChanges
eth_getFilterChanges
eth_getFilterChanges
eth_getFilterChanges
eth_getFilterChanges
eth_getFilterChanges
eth_getFilterChanges
eth_getFilterChanges
eth_getFilterChanges
eth_getFilterChanges
eth_getFilterChanges
eth_getFilterChanges
eth_getFilterChanges
eth_getFilterChanges
eth_getFilterChanges
eth_getFilterChanges
eth_getFilterChanges
eth_getFilterChanges
eth_getFilterChanges
eth_getFilterChanges
eth_getFilterChanges
eth_getFilterChanges
eth_getFilterChanges
eth_getFilterChanges
eth_getFilterChanges
eth_getFilterChanges
eth_getFilterChanges
eth_getFilterChanges
eth_getFilterChanges
eth_getFilterChanges
eth_getFilterChanges
eth_getFilterChanges
eth_getFilterChanges
eth_getFilterChanges
eth_getFilterChanges
eth_getFilterChanges
eth_getFilterChanges
eth_getFilterChanges
eth_getFilterChanges
eth_getFilterChanges
eth_getFilterChanges
eth_getFilterChanges
eth_getFilterChanges
eth_getFilterChanges
eth_getFilterChanges
eth_getFilterChanges
eth_getFilterChanges
eth_getFilterChanges
eth_getFilterChanges
eth_getFilterChanges
eth_getFilterChanges
eth_getFilterChanges
eth_getFilterChanges
eth_getFilterChanges
eth_getFilterChanges
eth_getFilterChanges
eth_getFilterChanges
eth_getFilterChanges
eth_getFilterChanges
eth_getFilterChanges
eth_getFilterChanges
eth_getFilterChanges
eth_getFilterChanges
eth_getFilterChanges
eth_getFilterChanges
eth_getFilterChanges
eth_getFilterChanges
eth_getFilterChanges
eth_getFilterChanges
eth_getFilterChanges
eth_getFilterChanges
eth_getFilterChanges
eth_getFilterChanges
eth_getFilterChanges
eth_getFilterChanges
eth_getFilterChanges
